BUILD AUDIT v160.1.0 R4 FRESH CLONE
Command: npm run build


> andyai-finance-engine@160.1.0 build
> next build

⚠ No build cache found. Please configure build caching for faster rebuilds. Read more: https://nextjs.org/docs/messages/no-cache
   ▲ Next.js 15.5.15

   Creating an optimized production build ...
 ✓ Compiled successfully in 17.8s
🟡 build still running: elapsed=30s
   Linting and checking validity of types ...
   Collecting page data ...
   Generating static pages (0/140) ...
   Generating static pages (35/140) 
   Generating static pages (70/140) 
   Generating static pages (105/140) 
 ✓ Generating static pages (140/140)
🟡 build still running: elapsed=60s
   Finalizing page optimization ...
   Collecting build traces ...

Route (app)                                  Size  First Load JS
┌ ○ /                                       440 B         103 kB
├ ○ /_not-found                             440 B         103 kB
├ ○ /abuse-rate-limit                       440 B         103 kB
├ ○ /admin-review                           440 B         103 kB
├ ○ /analytics-plan                         440 B         103 kB
├ ○ /api/finance/read-only/status           440 B         103 kB
├ ○ /approval                               440 B         103 kB
├ ○ /approval-demo                          440 B         103 kB
├ ○ /approval-flow                          440 B         103 kB
├ ○ /approval-queue                         440 B         103 kB
├ ○ /architecture                           440 B         103 kB
├ ○ /assumptions                            440 B         103 kB
├ ○ /assumptions-ledger-data-model          440 B         103 kB
├ ○ /assumptions-ledger-ui                  440 B         103 kB
├ ○ /audit                                  440 B         103 kB
├ ○ /audit-log-blueprint                    440 B         103 kB
├ ○ /before-after                           440 B         103 kB
├ ○ /bilingual-pack                         440 B         103 kB
├ ○ /build-audit                            440 B         103 kB
├ ○ /business-system                        440 B         103 kB
├ ○ /case-study                             440 B         103 kB
├ ○ /case-study-blueprint                   440 B         103 kB
├ ○ /case-study-simulator                   440 B         103 kB
├ ○ /checkout-boundary                      440 B         103 kB
├ ○ /client-dashboard                       440 B         103 kB
├ ○ /client-demo                            440 B         103 kB
├ ○ /client-pilot-package                   440 B         103 kB
├ ○ /client-portal                          440 B         103 kB
├ ○ /client-portal-v2                       440 B         103 kB
├ ○ /client-story                           440 B         103 kB
├ ○ /crm-boundary                           440 B         103 kB
├ ○ /crm-handoff                            440 B         103 kB
├ ○ /decision-board                         440 B         103 kB
├ ○ /deck                                   440 B         103 kB
├ ○ /delivery-timeline                      440 B         103 kB
├ ○ /demo                                   440 B         103 kB
├ ○ /demo-gallery                           440 B         103 kB
├ ○ /demo-script-sales-conversation         440 B         103 kB
├ ○ /demo-theater                           440 B         103 kB
├ ○ /design-dna                             440 B         103 kB
├ ○ /draft-payload                          440 B         103 kB
├ ○ /email-crm-handoff                      440 B         103 kB
├ ○ /engine-architecture-lock               440 B         103 kB
├ ○ /engine-roadmap                         440 B         103 kB
├ ○ /enterprise                             440 B         103 kB
├ ○ /enterprise-governance                  440 B         103 kB
├ ○ /evidence-assembly                      440 B         103 kB
├ ○ /evidence-builder                       440 B         103 kB
├ ○ /evidence-pack                          440 B         103 kB
├ ○ /evidence-pack-data-model               440 B         103 kB
├ ○ /evidence-pack-ui                       440 B         103 kB
├ ○ /evidence-preview                       440 B         103 kB
├ ○ /example-in-action                      440 B         103 kB
├ ○ /export-pack                            440 B         103 kB
├ ○ /export-package-contract                440 B         103 kB
├ ○ /faq                                    440 B         103 kB
├ ○ /finance-proof                          440 B         103 kB
├ ○ /finance-safety                         440 B         103 kB
├ ○ /finance-workflow-schema                440 B         103 kB
├ ○ /frontend-clarity-lock                  440 B         103 kB
├ ○ /governance-matrix                      440 B         103 kB
├ ○ /governance-runtime                     440 B         103 kB
├ ○ /handoff-plan                           440 B         103 kB
├ ○ /human-approval-state-machine           440 B         103 kB
├ ○ /human-approval-ui                      440 B         103 kB
├ ○ /intake-preview                         440 B         103 kB
├ ○ /internal-map                           440 B         103 kB
├ ○ /investor-proof-room                    440 B         103 kB
├ ○ /journey-simulator                      440 B         103 kB
├ ○ /jp-market                              440 B         103 kB
├ ○ /launch                                 440 B         103 kB
├ ○ /lead                                   440 B         103 kB
├ ○ /library                                440 B         103 kB
├ ○ /local-validation                       440 B         103 kB
├ ○ /market-pilot-readiness                 440 B         103 kB
├ ○ /marketplace                            440 B         103 kB
├ ○ /maturity                               440 B         103 kB
├ ○ /model-preview                          440 B         103 kB
├ ○ /model-preview-data-contract            440 B         103 kB
├ ○ /model-preview-workbench                440 B         103 kB
├ ○ /model-templates                        440 B         103 kB
├ ○ /offers                                 440 B         103 kB
├ ○ /output-pack                            440 B         103 kB
├ ○ /partner-offer                          440 B         103 kB
├ ○ /partner-pilot                          440 B         103 kB
├ ○ /pdf-export-blueprint                   440 B         103 kB
├ ○ /pilot                                  440 B         103 kB
├ ○ /pilot-intake                           440 B         103 kB
├ ○ /pilot-intake-form                      968 B         103 kB
├ ○ /pilot-intake-system                    440 B         103 kB
├ ○ /pilot-pricing-offer                    440 B         103 kB
├ ○ /pilot-proof                            440 B         103 kB
├ ○ /pilot-request                          440 B         103 kB
├ ○ /pilot-request-data-model               440 B         103 kB
├ ○ /pilot-request-lifecycle                440 B         103 kB
├ ○ /pilot-review-dashboard                 440 B         103 kB
├ ○ /pilot-sales-page                       440 B         103 kB
├ ○ /pre-v80-audit                          440 B         103 kB
├ ○ /press                                  440 B         103 kB
├ ○ /pricing                                440 B         103 kB
├ ○ /project-brief                          440 B         103 kB
├ ○ /projects                               440 B         103 kB
├ ○ /proof                                  440 B         103 kB
├ ○ /proposal-preview                       440 B         103 kB
├ ○ /proposal-workspace                     440 B         103 kB
├ ○ /readiness                              440 B         103 kB
├ ○ /recovery-sop                           440 B         103 kB
├ ○ /redaction-plan                         440 B         103 kB
├ ○ /risk-missing-data-rules                440 B         103 kB
├ ○ /roadmap                                440 B         103 kB
├ ○ /roadmap-v2                             440 B         103 kB
├ ○ /roi                                    440 B         103 kB
├ ○ /roi-scenarios                          440 B         103 kB
├ ○ /routes                                 440 B         103 kB
├ ○ /runs                                   440 B         103 kB
├ ○ /runtime-gate                           440 B         103 kB
├ ○ /runtime-readiness                      440 B         103 kB
├ ○ /sales-ops                              440 B         103 kB
├ ○ /sales-theater                          440 B         103 kB
├ ○ /sample-input                           440 B         103 kB
├ ○ /screenshot-story                       440 B         103 kB
├ ○ /security                               440 B         103 kB
├ ○ /supabase                               440 B         103 kB
├ ○ /supabase-pilot-capture-prep            440 B         103 kB
├ ○ /supabase-write-gate                    440 B         103 kB
├ ○ /talk                                   440 B         103 kB
├ ○ /talk-interaction                     1.69 kB         104 kB
├ ○ /talk-safety                            440 B         103 kB
├ ○ /trust                                  440 B         103 kB
├ ○ /trust-center                           440 B         103 kB
├ ○ /use-cases                              440 B         103 kB
├ ○ /use-cases/investor-update              440 B         103 kB
├ ○ /use-cases/startup-runway               440 B         103 kB
├ ○ /v50-audit                              440 B         103 kB
├ ○ /value-demo                             440 B         103 kB
├ ○ /workflow                               440 B         103 kB
├ ○ /workflow-proof                         440 B         103 kB
└ ○ /write-transition                       440 B         103 kB
+ First Load JS shared by all              102 kB
  ├ chunks/1255-5fe68596fe147850.js         46 kB
  ├ chunks/4bd1b696-f785427dddbba9fb.js   54.2 kB
  └ other shared chunks (total)            1.9 kB

Route (pages)                                Size  First Load JS
─ ○ /404 (1310 ms)                          550 B        98.9 kB
+ First Load JS shared by all             98.3 kB
  ├ chunks/framework-d0ede7c356a84725.js  59.7 kB
  ├ chunks/main-dfb9a18d976f72e5.js       36.8 kB
  └ other shared chunks (total)           1.86 kB

○  (Static)  prerendered as static content


Exit code: 0
